[debug] [2024-03-11T15:28:57.138Z] ----------------------------------------------------------------------
[debug] [2024-03-11T15:28:57.141Z] Command:       C:\Program Files\nodejs\node.exe C:\Users\MAINFRAME\AppData\Roaming\npm\node_modules\firebase-tools\lib\bin\firebase.js init hosting
[debug] [2024-03-11T15:28:57.141Z] CLI Version:   13.4.1
[debug] [2024-03-11T15:28:57.141Z] Platform:      win32
[debug] [2024-03-11T15:28:57.141Z] Node Version:  v20.11.1
[debug] [2024-03-11T15:28:57.141Z] Time:          Mon Mar 11 2024 11:28:57 GMT-0400 (Eastern Daylight Time)
[debug] [2024-03-11T15:28:57.141Z] ----------------------------------------------------------------------
[debug] 
[debug] [2024-03-11T15:28:57.147Z] > command requires scopes: ["email","openid","https://www.googleapis.com/auth/cloudplatformprojects.readonly","https://www.googleapis.com/auth/firebase","https://www.googleapis.com/auth/cloud-platform"]
[debug] [2024-03-11T15:28:57.147Z] > authorizing via signed-in user (noahharris9811@gmail.com)
[info] 
     ######## #### ########  ######## ########     ###     ######  ########
     ##        ##  ##     ## ##       ##     ##  ##   ##  ##       ##
     ######    ##  ########  ######   ########  #########  ######  ######
     ##        ##  ##    ##  ##       ##     ## ##     ##       ## ##
     ##       #### ##     ## ######## ########  ##     ##  ######  ########

You're about to initialize a Firebase project in this directory:

  C:\Users\MAINFRAME\Documents\GitHub\my-portfolio

[info] 
=== Project Setup
[info] 
[info] First, let's associate this project directory with a Firebase project.
[info] You can create multiple project aliases by running firebase use --add, 
[info] but for now we'll just set up a default project.
[info] 
[debug] [2024-03-11T15:29:03.518Z] >>> [apiv2][query] GET https://firebase.googleapis.com/v1beta1/projects pageSize=100
[debug] [2024-03-11T15:29:03.879Z] <<< [apiv2][status] GET https://firebase.googleapis.com/v1beta1/projects 200
[debug] [2024-03-11T15:29:03.879Z] <<< [apiv2][body] GET https://firebase.googleapis.com/v1beta1/projects [omitted]
[info] i  Using project myportfolio-7d540 (MyPortfolio) 
[info] 
=== Hosting Setup
[debug] [2024-03-11T15:29:05.154Z] >>> [apiv2][query] GET https://firebase.googleapis.com/v1beta1/projects/myportfolio-7d540 [none]
[debug] [2024-03-11T15:29:05.495Z] <<< [apiv2][status] GET https://firebase.googleapis.com/v1beta1/projects/myportfolio-7d540 200
[debug] [2024-03-11T15:29:05.496Z] <<< [apiv2][body] GET https://firebase.googleapis.com/v1beta1/projects/myportfolio-7d540 {"projectId":"myportfolio-7d540","projectNumber":"584907538822","displayName":"MyPortfolio","name":"projects/myportfolio-7d540","resources":{"hostingSite":"myportfolio-7d540"},"state":"ACTIVE","etag":"1_937001af-a9be-4924-99bb-6b834398b094"}
[info] 
[info] Your public directory is the folder (relative to your project directory) that
[info] will contain Hosting assets to be uploaded with firebase deploy. If you
[info] have a build process for your assets, use your build's output directory.
[info] 
[info] +  Wrote public/404.html 
[debug] [2024-03-11T15:29:58.481Z] >>> [apiv2][query] GET https://www.gstatic.com/firebasejs/releases.json [none]
[debug] [2024-03-11T15:29:58.583Z] <<< [apiv2][status] GET https://www.gstatic.com/firebasejs/releases.json 200
[debug] [2024-03-11T15:29:58.584Z] <<< [apiv2][body] GET https://www.gstatic.com/firebasejs/releases.json {"current":{"version":"10.8.1","browserURL":"https://www.gstatic.com/firebasejs/10.8.1/firebase.js","packageURL":"https://www.gstatic.com/firebasejs/10.8.1/firebase.tgz"},"live":{"version":"10.8","browserURL":"https://www.gstatic.com/firebasejs/live/10.8/firebase.js","packageURL":"https://www.gstatic.com/firebasejs/live/10.8/firebase.tgz"},"components":{"analytics":"https://www.gstatic.com/firebasejs/10.8.1/firebase-analytics.js","app":"https://www.gstatic.com/firebasejs/10.8.1/firebase-app.js","app-check":"https://www.gstatic.com/firebasejs/10.8.1/firebase-app-check.js","auth":"https://www.gstatic.com/firebasejs/10.8.1/firebase-auth.js","auth/cordova":"https://www.gstatic.com/firebasejs/10.8.1/firebase-auth/cordova.js","auth/web-extension":"https://www.gstatic.com/firebasejs/10.8.1/firebase-auth/web-extension.js","functions":"https://www.gstatic.com/firebasejs/10.8.1/firebase-functions.js","firestore":"https://www.gstatic.com/firebasejs/10.8.1/firebase-firestore.js","firestore/lite":"https://www.gstatic.com/firebasejs/10.8.1/firebase-firestore/lite.js","installations":"https://www.gstatic.com/firebasejs/10.8.1/firebase-installations.js","storage":"https://www.gstatic.com/firebasejs/10.8.1/firebase-storage.js","performance":"https://www.gstatic.com/firebasejs/10.8.1/firebase-performance.js","remote-config":"https://www.gstatic.com/firebasejs/10.8.1/firebase-remote-config.js","messaging":"https://www.gstatic.com/firebasejs/10.8.1/firebase-messaging.js","messaging/sw":"https://www.gstatic.com/firebasejs/10.8.1/firebase-messaging/sw.js","database":"https://www.gstatic.com/firebasejs/10.8.1/firebase-database.js","firestore.memory":"https://www.gstatic.com/firebasejs/10.8.1/firebase-firestore.memory.js"}}
[info] +  Wrote public/index.html 
[info] 
[info] i  Detected a .git folder at C:\Users\MAINFRAME\Documents\GitHub\my-portfolio 
[info] i  Authorizing with GitHub to upload your service account to a GitHub repository's secrets store. 
[info] 
[info] Visit this URL on this device to log in:
[info] https://github.com/login/oauth/authorize?client_id=89cf50f02ac6aaed3484&state=720285044&redirect_uri=http%3A%2F%2Flocalhost%3A9005&scope=read%3Auser%20repo%20public_repo
[info] 
[info] Waiting for authentication...
[debug] [2024-03-11T15:30:08.330Z] >>> [apiv2][query] POST https://github.com/login/oauth/access_token [none]
[debug] [2024-03-11T15:30:08.330Z] >>> [apiv2][body] POST https://github.com/login/oauth/access_token [stream]
[debug] [2024-03-11T15:30:08.619Z] <<< [apiv2][status] POST https://github.com/login/oauth/access_token 200
[debug] [2024-03-11T15:30:08.619Z] <<< [apiv2][body] POST https://github.com/login/oauth/access_token {"access_token":"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","token_type":"bearer","scope":"read:user,repo"}
[debug] [2024-03-11T15:30:08.622Z] >>> [apiv2][query] GET https://api.github.com/user [none]
[debug] [2024-03-11T15:30:08.793Z] <<< [apiv2][status] GET https://api.github.com/user 200
[debug] [2024-03-11T15:30:08.793Z] <<< [apiv2][body] GET https://api.github.com/user {"login":"XMENTROPY","id":98935321,"node_id":"U_kgDOBeWiGQ","avatar_url":"https://avatars.githubusercontent.com/u/98935321?v=4","gravatar_id":"","url":"https://api.github.com/users/XMENTROPY","html_url":"https://github.com/XMENTROPY","followers_url":"https://api.github.com/users/XMENTROPY/followers","following_url":"https://api.github.com/users/XMENTROPY/following{/other_user}","gists_url":"https://api.github.com/users/XMENTROPY/gists{/gist_id}","starred_url":"https://api.github.com/users/XMENTROPY/starred{/owner}{/repo}","subscriptions_url":"https://api.github.com/users/XMENTROPY/subscriptions","organizations_url":"https://api.github.com/users/XMENTROPY/orgs","repos_url":"https://api.github.com/users/XMENTROPY/repos","events_url":"https://api.github.com/users/XMENTROPY/events{/privacy}","received_events_url":"https://api.github.com/users/XMENTROPY/received_events","type":"User","site_admin":false,"name":null,"company":null,"blog":"","location":null,"email":null,"hireable":null,"bio":null,"twitter_username":null,"public_repos":2,"public_gists":0,"followers":0,"following":0,"created_at":"2022-02-03T04:52:29Z","updated_at":"2023-12-24T15:17:53Z","private_gists":0,"total_private_repos":10,"owned_private_repos":10,"disk_usage":9082,"collaborators":0,"two_factor_authentication":false,"plan":{"name":"free","space":976562499,"collaborators":0,"private_repos":10000}}
[info] 
[info] +  Success! Logged into GitHub as XMENTROPY 
[info] 
